<?xml version="1.0" encoding="UTF-8"?>
<coverage generated="1579871008587" clover="3.2.0">
  <project timestamp="1579871008587" name="All files">
    <metrics statements="22" coveredstatements="16" conditionals="8" coveredconditionals="0" methods="9" coveredmethods="6" elements="39" coveredelements="22" complexity="0" loc="22" ncloc="22" packages="1" files="1" classes="1"/>
    <file name="validator.js" path="/mnt/c/Users/std14/projects/ltuc/401/LAB1-Node-Ecosystem/starter-code/lib/validator.js">
      <metrics statements="22" coveredstatements="16" conditionals="8" coveredconditionals="0" methods="9" coveredmethods="6"/>
      <line num="3" count="1" type="stmt"/>
      <line num="13" count="1" type="stmt"/>
      <line num="14" count="0" type="cond" truecount="0" falsecount="2"/>
      <line num="15" count="0" type="cond" truecount="0" falsecount="2"/>
      <line num="16" count="0" type="cond" truecount="0" falsecount="2"/>
      <line num="20" count="1" type="stmt"/>
      <line num="21" count="0" type="stmt"/>
      <line num="29" count="1" type="stmt"/>
      <line num="30" count="6" type="stmt"/>
      <line num="38" count="1" type="stmt"/>
      <line num="39" count="1" type="stmt"/>
      <line num="48" count="1" type="stmt"/>
      <line num="49" count="1" type="stmt"/>
      <line num="57" count="1" type="stmt"/>
      <line num="58" count="1" type="stmt"/>
      <line num="68" count="1" type="stmt"/>
      <line num="69" count="1" type="stmt"/>
      <line num="79" count="1" type="stmt"/>
      <line num="80" count="1" type="stmt"/>
      <line num="84" count="1" type="stmt"/>
      <line num="85" count="0" type="cond" truecount="0" falsecount="2"/>
      <line num="86" count="0" type="stmt"/>
    </file>
  </project>
</coverage>
