{"/mnt/c/Users/std14/projects/ltuc/401/LAB1-Node-Ecosystem/starter-code/lib/validator.js": {"path":"/mnt/c/Users/std14/projects/ltuc/401/LAB1-Node-Ecosystem/starter-code/lib/validator.js","statementMap":{"0":{"start":{"line":3,"column":16},"end":{"line":3,"column":35}},"1":{"start":{"line":13,"column":0},"end":{"line":17,"column":1}},"2":{"start":{"line":14,"column":4},"end":{"line":14,"column":47}},"3":{"start":{"line":14,"column":35},"end":{"line":14,"column":47}},"4":{"start":{"line":15,"column":4},"end":{"line":15,"column":47}},"5":{"start":{"line":15,"column":35},"end":{"line":15,"column":47}},"6":{"start":{"line":16,"column":4},"end":{"line":16,"column":47}},"7":{"start":{"line":16,"column":35},"end":{"line":16,"column":47}},"8":{"start":{"line":20,"column":0},"end":{"line":22,"column":2}},"9":{"start":{"line":21,"column":4},"end":{"line":21,"column":24}},"10":{"start":{"line":29,"column":0},"end":{"line":31,"column":2}},"11":{"start":{"line":30,"column":4},"end":{"line":30,"column":37}},"12":{"start":{"line":38,"column":0},"end":{"line":40,"column":2}},"13":{"start":{"line":39,"column":4},"end":{"line":39,"column":37}},"14":{"start":{"line":48,"column":0},"end":{"line":50,"column":2}},"15":{"start":{"line":49,"column":4},"end":{"line":49,"column":32}},"16":{"start":{"line":57,"column":0},"end":{"line":59,"column":2}},"17":{"start":{"line":58,"column":4},"end":{"line":58,"column":37}},"18":{"start":{"line":68,"column":0},"end":{"line":70,"column":2}},"19":{"start":{"line":69,"column":4},"end":{"line":69,"column":39}},"20":{"start":{"line":79,"column":0},"end":{"line":81,"column":2}},"21":{"start":{"line":80,"column":4},"end":{"line":80,"column":38}},"22":{"start":{"line":84,"column":0},"end":{"line":87,"column":2}},"23":{"start":{"line":85,"column":4},"end":{"line":86,"column":22}},"24":{"start":{"line":85,"column":15},"end":{"line":85,"column":27}},"25":{"start":{"line":86,"column":9},"end":{"line":86,"column":22}}},"fnMap":{"0":{"name":"(anonymous_0)","decl":{"start":{"line":13,"column":26},"end":{"line":13,"column":27}},"loc":{"start":{"line":13,"column":44},"end":{"line":17,"column":1}},"line":13},"1":{"name":"(anonymous_1)","decl":{"start":{"line":20,"column":20},"end":{"line":20,"column":21}},"loc":{"start":{"line":20,"column":38},"end":{"line":22,"column":1}},"line":20},"2":{"name":"(anonymous_2)","decl":{"start":{"line":29,"column":21},"end":{"line":29,"column":22}},"loc":{"start":{"line":29,"column":32},"end":{"line":31,"column":1}},"line":29},"3":{"name":"(anonymous_3)","decl":{"start":{"line":38,"column":21},"end":{"line":38,"column":22}},"loc":{"start":{"line":38,"column":32},"end":{"line":40,"column":1}},"line":38},"4":{"name":"(anonymous_4)","decl":{"start":{"line":48,"column":20},"end":{"line":48,"column":21}},"loc":{"start":{"line":48,"column":31},"end":{"line":50,"column":1}},"line":48},"5":{"name":"(anonymous_5)","decl":{"start":{"line":57,"column":21},"end":{"line":57,"column":22}},"loc":{"start":{"line":57,"column":32},"end":{"line":59,"column":1}},"line":57},"6":{"name":"(anonymous_6)","decl":{"start":{"line":68,"column":23},"end":{"line":68,"column":24}},"loc":{"start":{"line":68,"column":34},"end":{"line":70,"column":1}},"line":68},"7":{"name":"(anonymous_7)","decl":{"start":{"line":79,"column":22},"end":{"line":79,"column":23}},"loc":{"start":{"line":79,"column":33},"end":{"line":81,"column":1}},"line":79},"8":{"name":"(anonymous_8)","decl":{"start":{"line":84,"column":21},"end":{"line":84,"column":22}},"loc":{"start":{"line":84,"column":32},"end":{"line":87,"column":1}},"line":84}},"branchMap":{"0":{"loc":{"start":{"line":14,"column":4},"end":{"line":14,"column":47}},"type":"if","locations":[{"start":{"line":14,"column":4},"end":{"line":14,"column":47}},{"start":{"line":14,"column":4},"end":{"line":14,"column":47}}],"line":14},"1":{"loc":{"start":{"line":15,"column":4},"end":{"line":15,"column":47}},"type":"if","locations":[{"start":{"line":15,"column":4},"end":{"line":15,"column":47}},{"start":{"line":15,"column":4},"end":{"line":15,"column":47}}],"line":15},"2":{"loc":{"start":{"line":16,"column":4},"end":{"line":16,"column":47}},"type":"if","locations":[{"start":{"line":16,"column":4},"end":{"line":16,"column":47}},{"start":{"line":16,"column":4},"end":{"line":16,"column":47}}],"line":16},"3":{"loc":{"start":{"line":85,"column":4},"end":{"line":86,"column":22}},"type":"if","locations":[{"start":{"line":85,"column":4},"end":{"line":86,"column":22}},{"start":{"line":85,"column":4},"end":{"line":86,"column":22}}],"line":85}},"s":{"0":1,"1":1,"2":0,"3":0,"4":0,"5":0,"6":0,"7":0,"8":1,"9":0,"10":1,"11":6,"12":1,"13":1,"14":1,"15":1,"16":1,"17":1,"18":1,"19":1,"20":1,"21":1,"22":1,"23":0,"24":0,"25":0},"f":{"0":0,"1":0,"2":6,"3":1,"4":1,"5":1,"6":1,"7":1,"8":0},"b":{"0":[0,0],"1":[0,0],"2":[0,0],"3":[0,0]},"_coverageSchema":"43e27e138ebf9cfc5966b082cf9a028302ed4184","hash":"76afb0b38cd896ebd35c887025f076c02c5b7dcb"}
}
