TN:
SF:/mnt/c/Users/std14/projects/ltuc/401/LAB1-Node-Ecosystem/starter-code/lib/validator.js
FN:13,(anonymous_0)
FN:20,(anonymous_1)
FN:29,(anonymous_2)
FN:38,(anonymous_3)
FN:48,(anonymous_4)
FN:57,(anonymous_5)
FN:68,(anonymous_6)
FN:79,(anonymous_7)
FN:84,(anonymous_8)
FNF:9
FNH:6
FNDA:0,(anonymous_0)
FNDA:0,(anonymous_1)
FNDA:6,(anonymous_2)
FNDA:1,(anonymous_3)
FNDA:1,(anonymous_4)
FNDA:1,(anonymous_5)
FNDA:1,(anonymous_6)
FNDA:1,(anonymous_7)
FNDA:0,(anonymous_8)
DA:3,1
DA:13,1
DA:14,0
DA:15,0
DA:16,0
DA:20,1
DA:21,0
DA:29,1
DA:30,6
DA:38,1
DA:39,1
DA:48,1
DA:49,1
DA:57,1
DA:58,1
DA:68,1
DA:69,1
DA:79,1
DA:80,1
DA:84,1
DA:85,0
DA:86,0
LF:22
LH:16
BRDA:14,0,0,0
BRDA:14,0,1,0
BRDA:15,1,0,0
BRDA:15,1,1,0
BRDA:16,2,0,0
BRDA:16,2,1,0
BRDA:85,3,0,0
BRDA:85,3,1,0
BRF:8
BRH:0
end_of_record
